Using pre-set license
Built from '2020.3/release' branch; Version is '2020.3.12f1 (b3b2c6512326) revision 11776710'; Using compiler version '192528614'; Build Type 'Release'
OS: 'Windows 10 Pro; OS build 18363.1440; Version 1909; 64bit' Language: 'en' Physical Memory: 32666 MB
BatchMode: 1, IsHumanControllingUs: 0, StartBugReporterOnCrash: 0, Is64bit: 1, IsPro: 0

 COMMAND LINE ARGUMENTS:
C:\Program Files\Unity\Hub\Editor\2020.3.12f1\Editor\Unity.exe
-adb2
-batchMode
-noUpm
-name
AssetImportWorker0
-projectPath
C:/Users/REO_Razr_Blade/Desktop/2D_to_VR/2D_to_VR
-logFile
Logs/AssetImportWorker0.log
-srvPort
56854
Successfully changed project path to: C:/Users/REO_Razr_Blade/Desktop/2D_to_VR/2D_to_VR
C:/Users/REO_Razr_Blade/Desktop/2D_to_VR/2D_to_VR
Using Asset Import Pipeline V2.
Refreshing native plugins compatible for Editor in 62.37 ms, found 16 plugins.
Preloading 2 native plugins for Editor in 1.54 ms.
Initialize engine version: 2020.3.12f1 (b3b2c6512326)
[Subsystems] Discovering subsystems at path C:/Program Files/Unity/Hub/Editor/2020.3.12f1/Editor/Data/Resources/UnitySubsystems
[Subsystems] Discovering subsystems at path C:/Users/REO_Razr_Blade/Desktop/2D_to_VR/2D_to_VR/Assets
GfxDevice: creating device client; threaded=0
Direct3D:
    Version:  Direct3D 11.0 [level 11.1]
    Renderer: NVIDIA Quadro RTX 5000 with Max-Q Design (ID=0x1eb5)
    Vendor:   
    VRAM:     16170 MB
    Driver:   26.21.14.3186
Initialize mono
Mono path[0] = 'C:/Program Files/Unity/Hub/Editor/2020.3.12f1/Editor/Data/Managed'
Mono path[1] = 'C:/Program Files/Unity/Hub/Editor/2020.3.12f1/Editor/Data/MonoBleedingEdge/lib/mono/unityjit'
Mono config path = 'C:/Program Files/Unity/Hub/Editor/2020.3.12f1/Editor/Data/MonoBleedingEdge/etc'
Using monoOptions --debugger-agent=transport=dt_socket,embedding=1,server=y,suspend=n,address=127.0.0.1:56040
Begin MonoManager ReloadAssembly
Registering precompiled unity dll's ...
Register platform support module: C:/Program Files/Unity/Hub/Editor/2020.3.12f1/Editor/Data/PlaybackEngines/WindowsStandaloneSupport/UnityEditor.WindowsStandalone.Extensions.dll
Registered in 0.001570 seconds.
Native extension for WindowsStandalone target not found
Refreshing native plugins compatible for Editor in 43.86 ms, found 16 plugins.
Preloading 2 native plugins for Editor in 0.13 ms.
Mono: successfully reloaded assembly
- Completed reload, in  0.866 seconds
Platform modules already initialized, skipping
Registering precompiled user dll's ...
Registered in 0.010929 seconds.
Begin MonoManager ReloadAssembly
Native extension for WindowsStandalone target not found
Refreshing native plugins compatible for Editor in 43.92 ms, found 16 plugins.
Preloading 2 native plugins for Editor in 0.14 ms.
[XR] OculusXRPlugin: registering subsystems
[XR] Unable to register display lifecyle provider: [1]
[XR] Oculus Input lifecycle provider registered.
[XR] Unable to register input lifecyle provider: [1]
NullReferenceException: Object reference not set to an instance of an object
  at Unity.XR.Oculus.OculusLoader.AssetPathToAbsolutePath (System.String assetPath) [0x00048] in C:\Users\REO_Razr_Blade\Desktop\2D_to_VR\2D_to_VR\Library\PackageCache\com.unity.xr.oculus@1.9.1\Runtime\OculusLoader.cs:249 
  at Unity.XR.Oculus.OculusLoader.EditorLoadOVRPlugin () [0x0007b] in C:\Users\REO_Razr_Blade\Desktop\2D_to_VR\2D_to_VR\Library\PackageCache\com.unity.xr.oculus@1.9.1\Runtime\OculusLoader.cs:234 

(Filename: Library/PackageCache/com.unity.xr.oculus@1.9.1/Runtime/OculusLoader.cs Line: 249)

Mono: successfully reloaded assembly
- Completed reload, in  1.058 seconds
Platform modules already initialized, skipping
========================================================================
Worker process is ready to serve import requests
Launched and connected shader compiler UnityShaderCompiler.exe after 0.04 seconds
Refreshing native plugins compatible for Editor in 0.72 ms, found 16 plugins.
Preloading 2 native plugins for Editor in 0.13 ms.
Unloading 2408 Unused Serialized files (Serialized files now loaded: 0)
System memory in use before: 114.6 MB.
System memory in use after: 114.5 MB.

Unloading 40 unused Assets to reduce memory usage. Loaded Objects now: 2903.
Total: 2.303900 ms (FindLiveObjects: 0.215200 ms CreateObjectMapping: 0.103800 ms MarkObjects: 1.897600 ms  DeleteObjects: 0.086300 ms)

AssetImportParameters requested are different than current active one (requested -> active):
  custom:framework-win-MediaFoundation: 216162199b28c13a410421893ffa2e32 -> 
  custom:video-decoder-ogg-theora: a1e56fd34408186e4bbccfd4996cb3dc -> 
  custom:container-muxer-webm: aa71ff27fc2769a1b78a27578f13a17b -> 
  custom:container-demuxer-webm: 4f35f7cbe854078d1ac9338744f61a02 -> 
  custom:container-demuxer-ogg: 62fdf1f143b41e24485cea50d1cbac27 -> 
  custom:video-encoder-webm-vp8: eb34c28f22e8b96e1ab97ce403110664 -> 
  custom:video-decoder-webm-vp8: 9c59270c3fd7afecdb556c50c9e8de78 -> 
  custom:audio-decoder-ogg-vorbis: bf7c407c2cedff20999df2af8eb42d56 -> 
  custom:audio-encoder-webm-vorbis: bf7c407c2cedff20999df2af8eb42d56 -> 
========================================================================
Received Import Request.
  path: Assets/Faces/Materials
  artifactKey: Guid(ecc21d99ad3b9cc4fbbf726a8f5dc668) Importer(815301076,1909f56bfc062723c751e8b465ee728b)
Start importing Assets/Faces/Materials using Guid(ecc21d99ad3b9cc4fbbf726a8f5dc668) Importer(815301076,1909f56bfc062723c751e8b465ee728b)  -> (artifact id: 'b5459432ce96a0a9b6f083a48be19037') in 0.008696 seconds 
  Import took 0.011870 seconds .

========================================================================
Received Import Request.
  Time since last request: 21.997104 seconds.
  path: Assets/Scripts/ExampleClass.cs
  artifactKey: Guid(dcb142d25888f1a46a6673795dc02724) Importer(815301076,1909f56bfc062723c751e8b465ee728b)
Start importing Assets/Scripts/ExampleClass.cs using Guid(dcb142d25888f1a46a6673795dc02724) Importer(815301076,1909f56bfc062723c751e8b465ee728b)  -> (artifact id: '05fc6d52ad1b2ed0590f5fbf1c20f54b') in 0.035137 seconds 
  Import took 0.038728 seconds .

========================================================================
Received Import Request.
  Time since last request: 9.881180 seconds.
  path: Assets/Scripts/obj_importer.cs
  artifactKey: Guid(8e17b6c89e1e2e144b931a09f8cd1a36) Importer(815301076,1909f56bfc062723c751e8b465ee728b)
Start importing Assets/Scripts/obj_importer.cs using Guid(8e17b6c89e1e2e144b931a09f8cd1a36) Importer(815301076,1909f56bfc062723c751e8b465ee728b)  -> (artifact id: 'cf3181ee763bfd3ab87d8cf1d8ab2d24') in 0.007794 seconds 
  Import took 0.011664 seconds .

========================================================================
Received Import Request.
  Time since last request: 15.060254 seconds.
  path: Assets/Scripts/ObjImporter.cs
  artifactKey: Guid(5fa1483823613f74c8b85a679e4b3681) Importer(815301076,1909f56bfc062723c751e8b465ee728b)
Start importing Assets/Scripts/ObjImporter.cs using Guid(5fa1483823613f74c8b85a679e4b3681) Importer(815301076,1909f56bfc062723c751e8b465ee728b)  -> (artifact id: '372529e348ae76e9e6c9cf746c52f02a') in 0.008785 seconds 
  Import took 0.012768 seconds .

========================================================================
Received Import Request.
  Time since last request: 0.019998 seconds.
  path: Assets/Scripts/ObjImporter.cs
  artifactKey: Guid(5fa1483823613f74c8b85a679e4b3681) Importer(815301076,1909f56bfc062723c751e8b465ee728b)
Start importing Assets/Scripts/ObjImporter.cs using Guid(5fa1483823613f74c8b85a679e4b3681) Importer(815301076,1909f56bfc062723c751e8b465ee728b)  -> (artifact id: '372529e348ae76e9e6c9cf746c52f02a') in 0.002094 seconds 
  Import took 0.005994 seconds .

========================================================================
Received Prepare
Registering precompiled user dll's ...
Registered in 0.013950 seconds.
Begin MonoManager ReloadAssembly
Native extension for WindowsStandalone target not found
Refreshing native plugins compatible for Editor in 0.87 ms, found 16 plugins.
Preloading 2 native plugins for Editor in 0.14 ms.
NullReferenceException: Object reference not set to an instance of an object
  at Unity.XR.Oculus.OculusLoader.AssetPathToAbsolutePath (System.String assetPath) [0x00048] in C:\Users\REO_Razr_Blade\Desktop\2D_to_VR\2D_to_VR\Library\PackageCache\com.unity.xr.oculus@1.9.1\Runtime\OculusLoader.cs:249 
  at Unity.XR.Oculus.OculusLoader.EditorLoadOVRPlugin () [0x0007b] in C:\Users\REO_Razr_Blade\Desktop\2D_to_VR\2D_to_VR\Library\PackageCache\com.unity.xr.oculus@1.9.1\Runtime\OculusLoader.cs:234 

(Filename: Library/PackageCache/com.unity.xr.oculus@1.9.1/Runtime/OculusLoader.cs Line: 249)

Mono: successfully reloaded assembly
- Completed reload, in  0.973 seconds
Platform modules already initialized, skipping
Refreshing native plugins compatible for Editor in 0.80 ms, found 16 plugins.
Preloading 2 native plugins for Editor in 0.14 ms.
Unloading 2365 Unused Serialized files (Serialized files now loaded: 0)
System memory in use before: 113.3 MB.
System memory in use after: 113.5 MB.

Unloading 33 unused Assets to reduce memory usage. Loaded Objects now: 2907.
Total: 2.246700 ms (FindLiveObjects: 0.237300 ms CreateObjectMapping: 0.094300 ms MarkObjects: 1.859700 ms  DeleteObjects: 0.054400 ms)

AssetImportParameters requested are different than current active one (requested -> active):
  custom:framework-win-MediaFoundation: 216162199b28c13a410421893ffa2e32 -> 
  custom:video-decoder-ogg-theora: a1e56fd34408186e4bbccfd4996cb3dc -> 
  custom:container-muxer-webm: aa71ff27fc2769a1b78a27578f13a17b -> 
  custom:container-demuxer-webm: 4f35f7cbe854078d1ac9338744f61a02 -> 
  custom:container-demuxer-ogg: 62fdf1f143b41e24485cea50d1cbac27 -> 
  custom:video-encoder-webm-vp8: eb34c28f22e8b96e1ab97ce403110664 -> 
  custom:video-decoder-webm-vp8: 9c59270c3fd7afecdb556c50c9e8de78 -> 
  custom:audio-decoder-ogg-vorbis: bf7c407c2cedff20999df2af8eb42d56 -> 
  custom:audio-encoder-webm-vorbis: bf7c407c2cedff20999df2af8eb42d56 -> 
========================================================================
Received Import Request.
  Time since last request: 346.750750 seconds.
  path: Assets/Scripts/obj_importer.cs
  artifactKey: Guid(8e17b6c89e1e2e144b931a09f8cd1a36) Importer(815301076,1909f56bfc062723c751e8b465ee728b)
Start importing Assets/Scripts/obj_importer.cs using Guid(8e17b6c89e1e2e144b931a09f8cd1a36) Importer(815301076,1909f56bfc062723c751e8b465ee728b)  -> (artifact id: 'bd7ad3bf46b5acdcc95da9f56fbda8fa') in 0.004139 seconds 
  Import took 0.007829 seconds .

========================================================================
Received Import Request.
  Time since last request: 0.012877 seconds.
  path: Assets/Scripts/QuadCreator.cs
  artifactKey: Guid(9ea74b424b08cdd4c81a83e4ff362227) Importer(815301076,1909f56bfc062723c751e8b465ee728b)
Start importing Assets/Scripts/QuadCreator.cs using Guid(9ea74b424b08cdd4c81a83e4ff362227) Importer(815301076,1909f56bfc062723c751e8b465ee728b)  -> (artifact id: '80241a1237d0b47844c224f0338bd954') in 0.005161 seconds 
  Import took 0.008558 seconds .

========================================================================
Received Import Request.
  Time since last request: 0.011366 seconds.
  path: Assets/Scripts/QuadCreator.cs
  artifactKey: Guid(9ea74b424b08cdd4c81a83e4ff362227) Importer(815301076,1909f56bfc062723c751e8b465ee728b)
Start importing Assets/Scripts/QuadCreator.cs using Guid(9ea74b424b08cdd4c81a83e4ff362227) Importer(815301076,1909f56bfc062723c751e8b465ee728b)  -> (artifact id: '80241a1237d0b47844c224f0338bd954') in 0.001913 seconds 
  Import took 0.005274 seconds .

========================================================================
Received Import Request.
  Time since last request: 3.208577 seconds.
  path: Assets/Scripts/SimpleCameraController.cs
  artifactKey: Guid(a8091ebfaf7306cb3b4f995b9f6c591e) Importer(815301076,1909f56bfc062723c751e8b465ee728b)
Start importing Assets/Scripts/SimpleCameraController.cs using Guid(a8091ebfaf7306cb3b4f995b9f6c591e) Importer(815301076,1909f56bfc062723c751e8b465ee728b)  -> (artifact id: 'c9c4296a8bb950ebb31a029ec7a31ad6') in 0.007440 seconds 
  Import took 0.011455 seconds .

========================================================================
Received Import Request.
  Time since last request: 0.001747 seconds.
  path: Assets/Scripts/SimpleCameraController.cs
  artifactKey: Guid(a8091ebfaf7306cb3b4f995b9f6c591e) Importer(815301076,1909f56bfc062723c751e8b465ee728b)
Start importing Assets/Scripts/SimpleCameraController.cs using Guid(a8091ebfaf7306cb3b4f995b9f6c591e) Importer(815301076,1909f56bfc062723c751e8b465ee728b)  -> (artifact id: 'c9c4296a8bb950ebb31a029ec7a31ad6') in 0.002757 seconds 
  Import took 0.007251 seconds .

========================================================================
Received Prepare
Registering precompiled user dll's ...
Registered in 0.010846 seconds.
Begin MonoManager ReloadAssembly
Native extension for WindowsStandalone target not found
Refreshing native plugins compatible for Editor in 0.77 ms, found 16 plugins.
Preloading 2 native plugins for Editor in 0.14 ms.
NullReferenceException: Object reference not set to an instance of an object
  at Unity.XR.Oculus.OculusLoader.AssetPathToAbsolutePath (System.String assetPath) [0x00048] in C:\Users\REO_Razr_Blade\Desktop\2D_to_VR\2D_to_VR\Library\PackageCache\com.unity.xr.oculus@1.9.1\Runtime\OculusLoader.cs:249 
  at Unity.XR.Oculus.OculusLoader.EditorLoadOVRPlugin () [0x0007b] in C:\Users\REO_Razr_Blade\Desktop\2D_to_VR\2D_to_VR\Library\PackageCache\com.unity.xr.oculus@1.9.1\Runtime\OculusLoader.cs:234 

(Filename: Library/PackageCache/com.unity.xr.oculus@1.9.1/Runtime/OculusLoader.cs Line: 249)

Mono: successfully reloaded assembly
- Completed reload, in  0.984 seconds
Platform modules already initialized, skipping
Refreshing native plugins compatible for Editor in 0.76 ms, found 16 plugins.
Preloading 2 native plugins for Editor in 0.13 ms.
Unloading 2364 Unused Serialized files (Serialized files now loaded: 0)
System memory in use before: 113.3 MB.
System memory in use after: 113.5 MB.

Unloading 34 unused Assets to reduce memory usage. Loaded Objects now: 2910.
Total: 2.760300 ms (FindLiveObjects: 0.246200 ms CreateObjectMapping: 0.095400 ms MarkObjects: 2.354300 ms  DeleteObjects: 0.063600 ms)

AssetImportParameters requested are different than current active one (requested -> active):
  custom:framework-win-MediaFoundation: 216162199b28c13a410421893ffa2e32 -> 
  custom:video-decoder-ogg-theora: a1e56fd34408186e4bbccfd4996cb3dc -> 
  custom:container-muxer-webm: aa71ff27fc2769a1b78a27578f13a17b -> 
  custom:container-demuxer-webm: 4f35f7cbe854078d1ac9338744f61a02 -> 
  custom:container-demuxer-ogg: 62fdf1f143b41e24485cea50d1cbac27 -> 
  custom:video-encoder-webm-vp8: eb34c28f22e8b96e1ab97ce403110664 -> 
  custom:video-decoder-webm-vp8: 9c59270c3fd7afecdb556c50c9e8de78 -> 
  custom:audio-decoder-ogg-vorbis: bf7c407c2cedff20999df2af8eb42d56 -> 
  custom:audio-encoder-webm-vorbis: bf7c407c2cedff20999df2af8eb42d56 -> 
========================================================================
Received Import Request.
  Time since last request: 48.441441 seconds.
  path: Assets/Textures/alley.v.png
  artifactKey: Guid(0fb1d2a532a6bce4bbcd61f11e7b4540) Importer(815301076,1909f56bfc062723c751e8b465ee728b)
Start importing Assets/Textures/alley.v.png using Guid(0fb1d2a532a6bce4bbcd61f11e7b4540) Importer(815301076,1909f56bfc062723c751e8b465ee728b)  -> (artifact id: '05a8137edbaf32539f7ad1bc0dceaaa1') in 0.327729 seconds 
  Import took 0.332210 seconds .

========================================================================
Received Import Request.
  Time since last request: 0.000347 seconds.
  path: Assets/Textures/cueva2.v.png
  artifactKey: Guid(df6643e2f883d1648a18e22ce767f343) Importer(815301076,1909f56bfc062723c751e8b465ee728b)
Start importing Assets/Textures/cueva2.v.png using Guid(df6643e2f883d1648a18e22ce767f343) Importer(815301076,1909f56bfc062723c751e8b465ee728b)  -> (artifact id: 'a8e8c88e63c91fe3964f34116bc521ba') in 0.281857 seconds 
  Import took 0.286349 seconds .

========================================================================
Received Import Request.
  Time since last request: 0.000253 seconds.
  path: Assets/Textures/Amtrak5.v.png
  artifactKey: Guid(ba361abef59dd3c41a9fb0f99f31fad4) Importer(815301076,1909f56bfc062723c751e8b465ee728b)
Start importing Assets/Textures/Amtrak5.v.png using Guid(ba361abef59dd3c41a9fb0f99f31fad4) Importer(815301076,1909f56bfc062723c751e8b465ee728b)  -> (artifact id: 'd6a443a18955ed4b5dd12b2287dce752') in 0.341530 seconds 
  Import took 0.345475 seconds .

========================================================================
Received Import Request.
  Time since last request: 0.000272 seconds.
  path: Assets/Textures/morro.v.png
  artifactKey: Guid(3184e4cf3b7536d4babed25ddbb481f4) Importer(815301076,1909f56bfc062723c751e8b465ee728b)
Start importing Assets/Textures/morro.v.png using Guid(3184e4cf3b7536d4babed25ddbb481f4) Importer(815301076,1909f56bfc062723c751e8b465ee728b)  -> (artifact id: 'de0fd8429be689c7af12b378379db096') in 0.473078 seconds 
  Import took 0.477076 seconds .

========================================================================
Received Import Request.
  Time since last request: 37.524018 seconds.
  path: Assets/Faces/bottom_face.jpg
  artifactKey: Guid(43c372c7cebb3174ebb7d44d638c43a8) Importer(815301076,1909f56bfc062723c751e8b465ee728b)
Start importing Assets/Faces/bottom_face.jpg using Guid(43c372c7cebb3174ebb7d44d638c43a8) Importer(815301076,1909f56bfc062723c751e8b465ee728b)  -> (artifact id: '8bf99a4490d8b97c14c00afc53746a20') in 0.371215 seconds 
  Import took 0.376449 seconds .

========================================================================
Received Import Request.
  Time since last request: 0.000330 seconds.
  path: Assets/Faces/right_face.jpg
  artifactKey: Guid(00c28040dba73b348b9d6cdcc4480094) Importer(815301076,1909f56bfc062723c751e8b465ee728b)
Start importing Assets/Faces/right_face.jpg using Guid(00c28040dba73b348b9d6cdcc4480094) Importer(815301076,1909f56bfc062723c751e8b465ee728b)  -> (artifact id: '9c14b81fb458eb28942ea84cc6130bfa') in 0.313840 seconds 
  Import took 0.317785 seconds .

========================================================================
Received Import Request.
  Time since last request: 0.000289 seconds.
  path: Assets/Faces/top_face.jpg
  artifactKey: Guid(a4b88dedca39ad24ea4d699442f45209) Importer(815301076,1909f56bfc062723c751e8b465ee728b)
Start importing Assets/Faces/top_face.jpg using Guid(a4b88dedca39ad24ea4d699442f45209) Importer(815301076,1909f56bfc062723c751e8b465ee728b)  -> (artifact id: '14b288620ccc3804390994eccccba45a') in 0.394493 seconds 
  Import took 0.398464 seconds .

========================================================================
Received Import Request.
  Time since last request: 0.000294 seconds.
  path: Assets/Faces/left_face.jpg
  artifactKey: Guid(a7b46cf6687c3db4d9a4fffa038489c0) Importer(815301076,1909f56bfc062723c751e8b465ee728b)
Start importing Assets/Faces/left_face.jpg using Guid(a7b46cf6687c3db4d9a4fffa038489c0) Importer(815301076,1909f56bfc062723c751e8b465ee728b)  -> (artifact id: 'd635e61f3b7f3627556f312188eb9d4e') in 0.312812 seconds 
  Import took 0.316687 seconds .

========================================================================
Received Import Request.
  Time since last request: 0.000279 seconds.
  path: Assets/Faces/center_face.jpg
  artifactKey: Guid(e742cd88e32506a4d90b380f299f2338) Importer(815301076,1909f56bfc062723c751e8b465ee728b)
Start importing Assets/Faces/center_face.jpg using Guid(e742cd88e32506a4d90b380f299f2338) Importer(815301076,1909f56bfc062723c751e8b465ee728b)  -> (artifact id: 'e3a27b6c8676b72f3058a819d1aade29') in 0.343214 seconds 
  Import took 0.347290 seconds .

========================================================================
Received Import Request.
  Time since last request: 116.922546 seconds.
  path: Assets/Materials/Amtrak5.v.mat
  artifactKey: Guid(a3a3d6d3fbfbc8945be7b9ed3a0f7597) Importer(815301076,1909f56bfc062723c751e8b465ee728b)
Start importing Assets/Materials/Amtrak5.v.mat using Guid(a3a3d6d3fbfbc8945be7b9ed3a0f7597) Importer(815301076,1909f56bfc062723c751e8b465ee728b)  -> (artifact id: '64cd12e42ac46b3e931798e3a87b2b8c') in 0.036487 seconds 
  Import took 0.040831 seconds .

========================================================================
Received Import Request.
  Time since last request: 0.000307 seconds.
  path: Assets/Materials/morro.v.mat
  artifactKey: Guid(2db8c04ed950c024da7f601c89cc7660) Importer(815301076,1909f56bfc062723c751e8b465ee728b)
Start importing Assets/Materials/morro.v.mat using Guid(2db8c04ed950c024da7f601c89cc7660) Importer(815301076,1909f56bfc062723c751e8b465ee728b)  -> (artifact id: '5c3c6f0062d61443296756cd4da683eb') in 0.019953 seconds 
  Import took 0.023108 seconds .

========================================================================
Received Import Request.
  Time since last request: 0.000281 seconds.
  path: Assets/Materials/cueva2.v.mat
  artifactKey: Guid(d05c1f7ef99637e48872d5711c66ce77) Importer(815301076,1909f56bfc062723c751e8b465ee728b)
Start importing Assets/Materials/cueva2.v.mat using Guid(d05c1f7ef99637e48872d5711c66ce77) Importer(815301076,1909f56bfc062723c751e8b465ee728b)  -> (artifact id: '66cd76c2a9b1651b0b98e67b570dbfb8') in 0.015418 seconds 
  Import took 0.019135 seconds .

========================================================================
Received Prepare
Registering precompiled user dll's ...
Registered in 0.011660 seconds.
Begin MonoManager ReloadAssembly
Native extension for WindowsStandalone target not found
Refreshing native plugins compatible for Editor in 0.75 ms, found 16 plugins.
Preloading 2 native plugins for Editor in 0.26 ms.
NullReferenceException: Object reference not set to an instance of an object
  at Unity.XR.Oculus.OculusLoader.AssetPathToAbsolutePath (System.String assetPath) [0x00048] in C:\Users\REO_Razr_Blade\Desktop\2D_to_VR\2D_to_VR\Library\PackageCache\com.unity.xr.oculus@1.9.1\Runtime\OculusLoader.cs:249 
  at Unity.XR.Oculus.OculusLoader.EditorLoadOVRPlugin () [0x0007b] in C:\Users\REO_Razr_Blade\Desktop\2D_to_VR\2D_to_VR\Library\PackageCache\com.unity.xr.oculus@1.9.1\Runtime\OculusLoader.cs:234 

(Filename: Library/PackageCache/com.unity.xr.oculus@1.9.1/Runtime/OculusLoader.cs Line: 249)

Mono: successfully reloaded assembly
- Completed reload, in  0.966 seconds
Platform modules already initialized, skipping
Refreshing native plugins compatible for Editor in 0.76 ms, found 16 plugins.
Preloading 2 native plugins for Editor in 0.13 ms.
Unloading 2363 Unused Serialized files (Serialized files now loaded: 0)
System memory in use before: 114.6 MB.
System memory in use after: 114.8 MB.

Unloading 34 unused Assets to reduce memory usage. Loaded Objects now: 2971.
Total: 2.229400 ms (FindLiveObjects: 0.212100 ms CreateObjectMapping: 0.090200 ms MarkObjects: 1.872900 ms  DeleteObjects: 0.053400 ms)

AssetImportParameters requested are different than current active one (requested -> active):
  custom:framework-win-MediaFoundation: 216162199b28c13a410421893ffa2e32 -> 
  custom:video-decoder-ogg-theora: a1e56fd34408186e4bbccfd4996cb3dc -> 
  custom:container-muxer-webm: aa71ff27fc2769a1b78a27578f13a17b -> 
  custom:container-demuxer-webm: 4f35f7cbe854078d1ac9338744f61a02 -> 
  custom:container-demuxer-ogg: 62fdf1f143b41e24485cea50d1cbac27 -> 
  custom:video-encoder-webm-vp8: eb34c28f22e8b96e1ab97ce403110664 -> 
  custom:video-decoder-webm-vp8: 9c59270c3fd7afecdb556c50c9e8de78 -> 
  custom:audio-decoder-ogg-vorbis: bf7c407c2cedff20999df2af8eb42d56 -> 
  custom:audio-encoder-webm-vorbis: bf7c407c2cedff20999df2af8eb42d56 -> 
========================================================================
Received Prepare
Registering precompiled user dll's ...
Registered in 0.014032 seconds.
Begin MonoManager ReloadAssembly
Native extension for WindowsStandalone target not found
Refreshing native plugins compatible for Editor in 1.12 ms, found 16 plugins.
Preloading 2 native plugins for Editor in 0.18 ms.
NullReferenceException: Object reference not set to an instance of an object
  at Unity.XR.Oculus.OculusLoader.AssetPathToAbsolutePath (System.String assetPath) [0x00048] in C:\Users\REO_Razr_Blade\Desktop\2D_to_VR\2D_to_VR\Library\PackageCache\com.unity.xr.oculus@1.9.1\Runtime\OculusLoader.cs:249 
  at Unity.XR.Oculus.OculusLoader.EditorLoadOVRPlugin () [0x0007b] in C:\Users\REO_Razr_Blade\Desktop\2D_to_VR\2D_to_VR\Library\PackageCache\com.unity.xr.oculus@1.9.1\Runtime\OculusLoader.cs:234 

(Filename: Library/PackageCache/com.unity.xr.oculus@1.9.1/Runtime/OculusLoader.cs Line: 249)

Mono: successfully reloaded assembly
- Completed reload, in  1.386 seconds
Platform modules already initialized, skipping
Refreshing native plugins compatible for Editor in 1.14 ms, found 16 plugins.
Preloading 2 native plugins for Editor in 0.18 ms.
Unloading 2363 Unused Serialized files (Serialized files now loaded: 0)
System memory in use before: 114.6 MB.
System memory in use after: 114.8 MB.

Unloading 33 unused Assets to reduce memory usage. Loaded Objects now: 2975.
Total: 2.755700 ms (FindLiveObjects: 0.255400 ms CreateObjectMapping: 0.113100 ms MarkObjects: 2.317400 ms  DeleteObjects: 0.068700 ms)

AssetImportParameters requested are different than current active one (requested -> active):
  custom:framework-win-MediaFoundation: 216162199b28c13a410421893ffa2e32 -> 
  custom:video-decoder-ogg-theora: a1e56fd34408186e4bbccfd4996cb3dc -> 
  custom:container-muxer-webm: aa71ff27fc2769a1b78a27578f13a17b -> 
  custom:container-demuxer-webm: 4f35f7cbe854078d1ac9338744f61a02 -> 
  custom:container-demuxer-ogg: 62fdf1f143b41e24485cea50d1cbac27 -> 
  custom:video-encoder-webm-vp8: eb34c28f22e8b96e1ab97ce403110664 -> 
  custom:video-decoder-webm-vp8: 9c59270c3fd7afecdb556c50c9e8de78 -> 
  custom:audio-decoder-ogg-vorbis: bf7c407c2cedff20999df2af8eb42d56 -> 
  custom:audio-encoder-webm-vorbis: bf7c407c2cedff20999df2af8eb42d56 -> 
========================================================================
Received Prepare
Registering precompiled user dll's ...
Registered in 0.013881 seconds.
Begin MonoManager ReloadAssembly
Native extension for WindowsStandalone target not found
Refreshing native plugins compatible for Editor in 0.86 ms, found 16 plugins.
Preloading 2 native plugins for Editor in 0.17 ms.
NullReferenceException: Object reference not set to an instance of an object
  at Unity.XR.Oculus.OculusLoader.AssetPathToAbsolutePath (System.String assetPath) [0x00048] in C:\Users\REO_Razr_Blade\Desktop\2D_to_VR\2D_to_VR\Library\PackageCache\com.unity.xr.oculus@1.9.1\Runtime\OculusLoader.cs:249 
  at Unity.XR.Oculus.OculusLoader.EditorLoadOVRPlugin () [0x0007b] in C:\Users\REO_Razr_Blade\Desktop\2D_to_VR\2D_to_VR\Library\PackageCache\com.unity.xr.oculus@1.9.1\Runtime\OculusLoader.cs:234 

(Filename: Library/PackageCache/com.unity.xr.oculus@1.9.1/Runtime/OculusLoader.cs Line: 249)

Mono: successfully reloaded assembly
- Completed reload, in  1.231 seconds
Platform modules already initialized, skipping
Refreshing native plugins compatible for Editor in 1.03 ms, found 16 plugins.
Preloading 2 native plugins for Editor in 0.16 ms.
Unloading 2363 Unused Serialized files (Serialized files now loaded: 0)
System memory in use before: 114.5 MB.
System memory in use after: 114.7 MB.

Unloading 33 unused Assets to reduce memory usage. Loaded Objects now: 2979.
Total: 4.355400 ms (FindLiveObjects: 0.388600 ms CreateObjectMapping: 0.176800 ms MarkObjects: 3.695800 ms  DeleteObjects: 0.092900 ms)

AssetImportParameters requested are different than current active one (requested -> active):
  custom:framework-win-MediaFoundation: 216162199b28c13a410421893ffa2e32 -> 
  custom:video-decoder-ogg-theora: a1e56fd34408186e4bbccfd4996cb3dc -> 
  custom:container-muxer-webm: aa71ff27fc2769a1b78a27578f13a17b -> 
  custom:container-demuxer-webm: 4f35f7cbe854078d1ac9338744f61a02 -> 
  custom:container-demuxer-ogg: 62fdf1f143b41e24485cea50d1cbac27 -> 
  custom:video-encoder-webm-vp8: eb34c28f22e8b96e1ab97ce403110664 -> 
  custom:video-decoder-webm-vp8: 9c59270c3fd7afecdb556c50c9e8de78 -> 
  custom:audio-decoder-ogg-vorbis: bf7c407c2cedff20999df2af8eb42d56 -> 
  custom:audio-encoder-webm-vorbis: bf7c407c2cedff20999df2af8eb42d56 -> 
========================================================================
Received Prepare
Registering precompiled user dll's ...
Registered in 0.010964 seconds.
Begin MonoManager ReloadAssembly
Native extension for WindowsStandalone target not found
Refreshing native plugins compatible for Editor in 0.78 ms, found 16 plugins.
Preloading 2 native plugins for Editor in 0.14 ms.
NullReferenceException: Object reference not set to an instance of an object
  at Unity.XR.Oculus.OculusLoader.AssetPathToAbsolutePath (System.String assetPath) [0x00048] in C:\Users\REO_Razr_Blade\Desktop\2D_to_VR\2D_to_VR\Library\PackageCache\com.unity.xr.oculus@1.9.1\Runtime\OculusLoader.cs:249 
  at Unity.XR.Oculus.OculusLoader.EditorLoadOVRPlugin () [0x0007b] in C:\Users\REO_Razr_Blade\Desktop\2D_to_VR\2D_to_VR\Library\PackageCache\com.unity.xr.oculus@1.9.1\Runtime\OculusLoader.cs:234 

(Filename: Library/PackageCache/com.unity.xr.oculus@1.9.1/Runtime/OculusLoader.cs Line: 249)

Mono: successfully reloaded assembly
- Completed reload, in  0.972 seconds
Platform modules already initialized, skipping
Refreshing native plugins compatible for Editor in 0.80 ms, found 16 plugins.
Preloading 2 native plugins for Editor in 0.13 ms.
Unloading 2363 Unused Serialized files (Serialized files now loaded: 0)
System memory in use before: 114.6 MB.
System memory in use after: 114.8 MB.

Unloading 33 unused Assets to reduce memory usage. Loaded Objects now: 2983.
Total: 2.397500 ms (FindLiveObjects: 0.255400 ms CreateObjectMapping: 0.095100 ms MarkObjects: 1.990400 ms  DeleteObjects: 0.055300 ms)

AssetImportParameters requested are different than current active one (requested -> active):
  custom:framework-win-MediaFoundation: 216162199b28c13a410421893ffa2e32 -> 
  custom:video-decoder-ogg-theora: a1e56fd34408186e4bbccfd4996cb3dc -> 
  custom:container-muxer-webm: aa71ff27fc2769a1b78a27578f13a17b -> 
  custom:container-demuxer-webm: 4f35f7cbe854078d1ac9338744f61a02 -> 
  custom:container-demuxer-ogg: 62fdf1f143b41e24485cea50d1cbac27 -> 
  custom:video-encoder-webm-vp8: eb34c28f22e8b96e1ab97ce403110664 -> 
  custom:video-decoder-webm-vp8: 9c59270c3fd7afecdb556c50c9e8de78 -> 
  custom:audio-decoder-ogg-vorbis: bf7c407c2cedff20999df2af8eb42d56 -> 
  custom:audio-encoder-webm-vorbis: bf7c407c2cedff20999df2af8eb42d56 -> 
========================================================================
Received Import Request.
  Time since last request: 781.190316 seconds.
  path: Assets/Scripts/QuadCreator.cs
  artifactKey: Guid(9ea74b424b08cdd4c81a83e4ff362227) Importer(815301076,1909f56bfc062723c751e8b465ee728b)
Start importing Assets/Scripts/QuadCreator.cs using Guid(9ea74b424b08cdd4c81a83e4ff362227) Importer(815301076,1909f56bfc062723c751e8b465ee728b)  -> (artifact id: '86e7dd9c62c200e45715ed2a9a887abf') in 0.004168 seconds 
  Import took 0.007276 seconds .

========================================================================
Received Prepare
Registering precompiled user dll's ...
Registered in 0.012009 seconds.
Begin MonoManager ReloadAssembly
Native extension for WindowsStandalone target not found
Refreshing native plugins compatible for Editor in 0.88 ms, found 16 plugins.
Preloading 2 native plugins for Editor in 0.16 ms.
NullReferenceException: Object reference not set to an instance of an object
  at Unity.XR.Oculus.OculusLoader.AssetPathToAbsolutePath (System.String assetPath) [0x00048] in C:\Users\REO_Razr_Blade\Desktop\2D_to_VR\2D_to_VR\Library\PackageCache\com.unity.xr.oculus@1.9.1\Runtime\OculusLoader.cs:249 
  at Unity.XR.Oculus.OculusLoader.EditorLoadOVRPlugin () [0x0007b] in C:\Users\REO_Razr_Blade\Desktop\2D_to_VR\2D_to_VR\Library\PackageCache\com.unity.xr.oculus@1.9.1\Runtime\OculusLoader.cs:234 

(Filename: Library/PackageCache/com.unity.xr.oculus@1.9.1/Runtime/OculusLoader.cs Line: 249)

Mono: successfully reloaded assembly
- Completed reload, in  1.253 seconds
Platform modules already initialized, skipping
Refreshing native plugins compatible for Editor in 1.19 ms, found 16 plugins.
Preloading 2 native plugins for Editor in 0.20 ms.
Unloading 2363 Unused Serialized files (Serialized files now loaded: 0)
System memory in use before: 114.6 MB.
System memory in use after: 114.8 MB.

Unloading 33 unused Assets to reduce memory usage. Loaded Objects now: 2987.
Total: 2.527300 ms (FindLiveObjects: 0.252000 ms CreateObjectMapping: 0.114900 ms MarkObjects: 2.098900 ms  DeleteObjects: 0.060400 ms)

AssetImportParameters requested are different than current active one (requested -> active):
  custom:framework-win-MediaFoundation: 216162199b28c13a410421893ffa2e32 -> 
  custom:video-decoder-ogg-theora: a1e56fd34408186e4bbccfd4996cb3dc -> 
  custom:container-muxer-webm: aa71ff27fc2769a1b78a27578f13a17b -> 
  custom:container-demuxer-webm: 4f35f7cbe854078d1ac9338744f61a02 -> 
  custom:container-demuxer-ogg: 62fdf1f143b41e24485cea50d1cbac27 -> 
  custom:video-encoder-webm-vp8: eb34c28f22e8b96e1ab97ce403110664 -> 
  custom:video-decoder-webm-vp8: 9c59270c3fd7afecdb556c50c9e8de78 -> 
  custom:audio-decoder-ogg-vorbis: bf7c407c2cedff20999df2af8eb42d56 -> 
  custom:audio-encoder-webm-vorbis: bf7c407c2cedff20999df2af8eb42d56 -> 
========================================================================
Received Prepare
Registering precompiled user dll's ...
Registered in 0.012616 seconds.
Begin MonoManager ReloadAssembly
Native extension for WindowsStandalone target not found
Refreshing native plugins compatible for Editor in 0.82 ms, found 16 plugins.
Preloading 2 native plugins for Editor in 0.19 ms.
NullReferenceException: Object reference not set to an instance of an object
  at Unity.XR.Oculus.OculusLoader.AssetPathToAbsolutePath (System.String assetPath) [0x00048] in C:\Users\REO_Razr_Blade\Desktop\2D_to_VR\2D_to_VR\Library\PackageCache\com.unity.xr.oculus@1.9.1\Runtime\OculusLoader.cs:249 
  at Unity.XR.Oculus.OculusLoader.EditorLoadOVRPlugin () [0x0007b] in C:\Users\REO_Razr_Blade\Desktop\2D_to_VR\2D_to_VR\Library\PackageCache\com.unity.xr.oculus@1.9.1\Runtime\OculusLoader.cs:234 

(Filename: Library/PackageCache/com.unity.xr.oculus@1.9.1/Runtime/OculusLoader.cs Line: 249)

Mono: successfully reloaded assembly
- Completed reload, in  1.198 seconds
Platform modules already initialized, skipping
Refreshing native plugins compatible for Editor in 0.79 ms, found 16 plugins.
Preloading 2 native plugins for Editor in 0.19 ms.
Unloading 2363 Unused Serialized files (Serialized files now loaded: 0)
System memory in use before: 114.6 MB.
System memory in use after: 114.8 MB.

Unloading 33 unused Assets to reduce memory usage. Loaded Objects now: 2991.
Total: 2.612100 ms (FindLiveObjects: 0.279100 ms CreateObjectMapping: 0.107000 ms MarkObjects: 2.160800 ms  DeleteObjects: 0.064200 ms)

AssetImportParameters requested are different than current active one (requested -> active):
  custom:framework-win-MediaFoundation: 216162199b28c13a410421893ffa2e32 -> 
  custom:video-decoder-ogg-theora: a1e56fd34408186e4bbccfd4996cb3dc -> 
  custom:container-muxer-webm: aa71ff27fc2769a1b78a27578f13a17b -> 
  custom:container-demuxer-webm: 4f35f7cbe854078d1ac9338744f61a02 -> 
  custom:container-demuxer-ogg: 62fdf1f143b41e24485cea50d1cbac27 -> 
  custom:video-encoder-webm-vp8: eb34c28f22e8b96e1ab97ce403110664 -> 
  custom:video-decoder-webm-vp8: 9c59270c3fd7afecdb556c50c9e8de78 -> 
  custom:audio-decoder-ogg-vorbis: bf7c407c2cedff20999df2af8eb42d56 -> 
  custom:audio-encoder-webm-vorbis: bf7c407c2cedff20999df2af8eb42d56 -> 
========================================================================
Received Prepare
Registering precompiled user dll's ...
Registered in 0.012090 seconds.
Begin MonoManager ReloadAssembly
Native extension for WindowsStandalone target not found
Refreshing native plugins compatible for Editor in 0.94 ms, found 16 plugins.
Preloading 2 native plugins for Editor in 0.18 ms.
NullReferenceException: Object reference not set to an instance of an object
  at Unity.XR.Oculus.OculusLoader.AssetPathToAbsolutePath (System.String assetPath) [0x00048] in C:\Users\REO_Razr_Blade\Desktop\2D_to_VR\2D_to_VR\Library\PackageCache\com.unity.xr.oculus@1.9.1\Runtime\OculusLoader.cs:249 
  at Unity.XR.Oculus.OculusLoader.EditorLoadOVRPlugin () [0x0007b] in C:\Users\REO_Razr_Blade\Desktop\2D_to_VR\2D_to_VR\Library\PackageCache\com.unity.xr.oculus@1.9.1\Runtime\OculusLoader.cs:234 

(Filename: Library/PackageCache/com.unity.xr.oculus@1.9.1/Runtime/OculusLoader.cs Line: 249)

Mono: successfully reloaded assembly
- Completed reload, in  1.181 seconds
Platform modules already initialized, skipping
Refreshing native plugins compatible for Editor in 0.86 ms, found 16 plugins.
Preloading 2 native plugins for Editor in 0.14 ms.
Unloading 2363 Unused Serialized files (Serialized files now loaded: 0)
System memory in use before: 114.6 MB.
System memory in use after: 114.8 MB.

Unloading 33 unused Assets to reduce memory usage. Loaded Objects now: 2995.
Total: 2.750100 ms (FindLiveObjects: 0.318500 ms CreateObjectMapping: 0.133200 ms MarkObjects: 2.238000 ms  DeleteObjects: 0.059200 ms)

AssetImportParameters requested are different than current active one (requested -> active):
  custom:framework-win-MediaFoundation: 216162199b28c13a410421893ffa2e32 -> 
  custom:video-decoder-ogg-theora: a1e56fd34408186e4bbccfd4996cb3dc -> 
  custom:container-muxer-webm: aa71ff27fc2769a1b78a27578f13a17b -> 
  custom:container-demuxer-webm: 4f35f7cbe854078d1ac9338744f61a02 -> 
  custom:container-demuxer-ogg: 62fdf1f143b41e24485cea50d1cbac27 -> 
  custom:video-encoder-webm-vp8: eb34c28f22e8b96e1ab97ce403110664 -> 
  custom:video-decoder-webm-vp8: 9c59270c3fd7afecdb556c50c9e8de78 -> 
  custom:audio-decoder-ogg-vorbis: bf7c407c2cedff20999df2af8eb42d56 -> 
  custom:audio-encoder-webm-vorbis: bf7c407c2cedff20999df2af8eb42d56 -> 
========================================================================
Received Prepare
Registering precompiled user dll's ...
Registered in 0.014095 seconds.
Begin MonoManager ReloadAssembly
Native extension for WindowsStandalone target not found
Refreshing native plugins compatible for Editor in 0.94 ms, found 16 plugins.
Preloading 2 native plugins for Editor in 0.19 ms.
NullReferenceException: Object reference not set to an instance of an object
  at Unity.XR.Oculus.OculusLoader.AssetPathToAbsolutePath (System.String assetPath) [0x00048] in C:\Users\REO_Razr_Blade\Desktop\2D_to_VR\2D_to_VR\Library\PackageCache\com.unity.xr.oculus@1.9.1\Runtime\OculusLoader.cs:249 
  at Unity.XR.Oculus.OculusLoader.EditorLoadOVRPlugin () [0x0007b] in C:\Users\REO_Razr_Blade\Desktop\2D_to_VR\2D_to_VR\Library\PackageCache\com.unity.xr.oculus@1.9.1\Runtime\OculusLoader.cs:234 

(Filename: Library/PackageCache/com.unity.xr.oculus@1.9.1/Runtime/OculusLoader.cs Line: 249)

Mono: successfully reloaded assembly
- Completed reload, in  1.325 seconds
Platform modules already initialized, skipping
Refreshing native plugins compatible for Editor in 0.96 ms, found 16 plugins.
Preloading 2 native plugins for Editor in 0.16 ms.
Unloading 2363 Unused Serialized files (Serialized files now loaded: 0)
System memory in use before: 114.6 MB.
System memory in use after: 114.7 MB.

Unloading 33 unused Assets to reduce memory usage. Loaded Objects now: 2999.
Total: 2.789400 ms (FindLiveObjects: 0.278000 ms CreateObjectMapping: 0.124500 ms MarkObjects: 2.316000 ms  DeleteObjects: 0.069300 ms)

AssetImportParameters requested are different than current active one (requested -> active):
  custom:framework-win-MediaFoundation: 216162199b28c13a410421893ffa2e32 -> 
  custom:video-decoder-ogg-theora: a1e56fd34408186e4bbccfd4996cb3dc -> 
  custom:container-muxer-webm: aa71ff27fc2769a1b78a27578f13a17b -> 
  custom:container-demuxer-webm: 4f35f7cbe854078d1ac9338744f61a02 -> 
  custom:container-demuxer-ogg: 62fdf1f143b41e24485cea50d1cbac27 -> 
  custom:video-encoder-webm-vp8: eb34c28f22e8b96e1ab97ce403110664 -> 
  custom:video-decoder-webm-vp8: 9c59270c3fd7afecdb556c50c9e8de78 -> 
  custom:audio-decoder-ogg-vorbis: bf7c407c2cedff20999df2af8eb42d56 -> 
  custom:audio-encoder-webm-vorbis: bf7c407c2cedff20999df2af8eb42d56 -> 
========================================================================
Received Prepare
Registering precompiled user dll's ...
Registered in 0.014960 seconds.
Begin MonoManager ReloadAssembly
Native extension for WindowsStandalone target not found
Refreshing native plugins compatible for Editor in 1.58 ms, found 16 plugins.
Preloading 2 native plugins for Editor in 0.25 ms.
NullReferenceException: Object reference not set to an instance of an object
  at Unity.XR.Oculus.OculusLoader.AssetPathToAbsolutePath (System.String assetPath) [0x00048] in C:\Users\REO_Razr_Blade\Desktop\2D_to_VR\2D_to_VR\Library\PackageCache\com.unity.xr.oculus@1.9.1\Runtime\OculusLoader.cs:249 
  at Unity.XR.Oculus.OculusLoader.EditorLoadOVRPlugin () [0x0007b] in C:\Users\REO_Razr_Blade\Desktop\2D_to_VR\2D_to_VR\Library\PackageCache\com.unity.xr.oculus@1.9.1\Runtime\OculusLoader.cs:234 

(Filename: Library/PackageCache/com.unity.xr.oculus@1.9.1/Runtime/OculusLoader.cs Line: 249)

Mono: successfully reloaded assembly
- Completed reload, in  1.238 seconds
Platform modules already initialized, skipping
Refreshing native plugins compatible for Editor in 0.90 ms, found 16 plugins.
Preloading 2 native plugins for Editor in 0.16 ms.
Unloading 2363 Unused Serialized files (Serialized files now loaded: 0)
System memory in use before: 114.7 MB.
System memory in use after: 114.9 MB.

Unloading 33 unused Assets to reduce memory usage. Loaded Objects now: 3003.
Total: 2.828700 ms (FindLiveObjects: 0.296100 ms CreateObjectMapping: 0.149300 ms MarkObjects: 2.313600 ms  DeleteObjects: 0.068400 ms)

AssetImportParameters requested are different than current active one (requested -> active):
  custom:framework-win-MediaFoundation: 216162199b28c13a410421893ffa2e32 -> 
  custom:video-decoder-ogg-theora: a1e56fd34408186e4bbccfd4996cb3dc -> 
  custom:container-muxer-webm: aa71ff27fc2769a1b78a27578f13a17b -> 
  custom:container-demuxer-webm: 4f35f7cbe854078d1ac9338744f61a02 -> 
  custom:container-demuxer-ogg: 62fdf1f143b41e24485cea50d1cbac27 -> 
  custom:video-encoder-webm-vp8: eb34c28f22e8b96e1ab97ce403110664 -> 
  custom:video-decoder-webm-vp8: 9c59270c3fd7afecdb556c50c9e8de78 -> 
  custom:audio-decoder-ogg-vorbis: bf7c407c2cedff20999df2af8eb42d56 -> 
  custom:audio-encoder-webm-vorbis: bf7c407c2cedff20999df2af8eb42d56 -> 
========================================================================
Received Prepare
Registering precompiled user dll's ...
Registered in 0.013027 seconds.
Begin MonoManager ReloadAssembly
Native extension for WindowsStandalone target not found
Refreshing native plugins compatible for Editor in 1.31 ms, found 16 plugins.
Preloading 2 native plugins for Editor in 0.18 ms.
NullReferenceException: Object reference not set to an instance of an object
  at Unity.XR.Oculus.OculusLoader.AssetPathToAbsolutePath (System.String assetPath) [0x00048] in C:\Users\REO_Razr_Blade\Desktop\2D_to_VR\2D_to_VR\Library\PackageCache\com.unity.xr.oculus@1.9.1\Runtime\OculusLoader.cs:249 
  at Unity.XR.Oculus.OculusLoader.EditorLoadOVRPlugin () [0x0007b] in C:\Users\REO_Razr_Blade\Desktop\2D_to_VR\2D_to_VR\Library\PackageCache\com.unity.xr.oculus@1.9.1\Runtime\OculusLoader.cs:234 

(Filename: Library/PackageCache/com.unity.xr.oculus@1.9.1/Runtime/OculusLoader.cs Line: 249)

Mono: successfully reloaded assembly
- Completed reload, in  1.031 seconds
Platform modules already initialized, skipping
Refreshing native plugins compatible for Editor in 0.86 ms, found 16 plugins.
Preloading 2 native plugins for Editor in 0.14 ms.
Unloading 2363 Unused Serialized files (Serialized files now loaded: 0)
System memory in use before: 114.7 MB.
System memory in use after: 114.9 MB.

Unloading 33 unused Assets to reduce memory usage. Loaded Objects now: 3007.
Total: 2.526300 ms (FindLiveObjects: 0.230000 ms CreateObjectMapping: 0.095200 ms MarkObjects: 2.142200 ms  DeleteObjects: 0.058100 ms)

AssetImportParameters requested are different than current active one (requested -> active):
  custom:framework-win-MediaFoundation: 216162199b28c13a410421893ffa2e32 -> 
  custom:video-decoder-ogg-theora: a1e56fd34408186e4bbccfd4996cb3dc -> 
  custom:container-muxer-webm: aa71ff27fc2769a1b78a27578f13a17b -> 
  custom:container-demuxer-webm: 4f35f7cbe854078d1ac9338744f61a02 -> 
  custom:container-demuxer-ogg: 62fdf1f143b41e24485cea50d1cbac27 -> 
  custom:video-encoder-webm-vp8: eb34c28f22e8b96e1ab97ce403110664 -> 
  custom:video-decoder-webm-vp8: 9c59270c3fd7afecdb556c50c9e8de78 -> 
  custom:audio-decoder-ogg-vorbis: bf7c407c2cedff20999df2af8eb42d56 -> 
  custom:audio-encoder-webm-vorbis: bf7c407c2cedff20999df2af8eb42d56 -> 
========================================================================
Received Import Request.
  Time since last request: 551.737726 seconds.
  path: Assets/Scripts/obj_importer.cs
  artifactKey: Guid(8e17b6c89e1e2e144b931a09f8cd1a36) Importer(815301076,1909f56bfc062723c751e8b465ee728b)
Start importing Assets/Scripts/obj_importer.cs using Guid(8e17b6c89e1e2e144b931a09f8cd1a36) Importer(815301076,1909f56bfc062723c751e8b465ee728b)  -> (artifact id: '50a133f3dc42a6de8b405b3f4cf506f0') in 0.004548 seconds 
  Import took 0.007991 seconds .

========================================================================
Received Prepare
Registering precompiled user dll's ...
Registered in 0.016489 seconds.
Begin MonoManager ReloadAssembly
Native extension for WindowsStandalone target not found
Refreshing native plugins compatible for Editor in 0.91 ms, found 16 plugins.
Preloading 2 native plugins for Editor in 0.17 ms.
NullReferenceException: Object reference not set to an instance of an object
  at Unity.XR.Oculus.OculusLoader.AssetPathToAbsolutePath (System.String assetPath) [0x00048] in C:\Users\REO_Razr_Blade\Desktop\2D_to_VR\2D_to_VR\Library\PackageCache\com.unity.xr.oculus@1.9.1\Runtime\OculusLoader.cs:249 
  at Unity.XR.Oculus.OculusLoader.EditorLoadOVRPlugin () [0x0007b] in C:\Users\REO_Razr_Blade\Desktop\2D_to_VR\2D_to_VR\Library\PackageCache\com.unity.xr.oculus@1.9.1\Runtime\OculusLoader.cs:234 

(Filename: Library/PackageCache/com.unity.xr.oculus@1.9.1/Runtime/OculusLoader.cs Line: 249)

Mono: successfully reloaded assembly
- Completed reload, in  1.352 seconds
Platform modules already initialized, skipping
Refreshing native plugins compatible for Editor in 1.62 ms, found 16 plugins.
Preloading 2 native plugins for Editor in 0.29 ms.
Unloading 2363 Unused Serialized files (Serialized files now loaded: 0)
System memory in use before: 114.7 MB.
System memory in use after: 114.9 MB.

Unloading 33 unused Assets to reduce memory usage. Loaded Objects now: 3011.
Total: 3.972100 ms (FindLiveObjects: 0.292800 ms CreateObjectMapping: 0.165000 ms MarkObjects: 3.423600 ms  DeleteObjects: 0.088600 ms)

AssetImportParameters requested are different than current active one (requested -> active):
  custom:framework-win-MediaFoundation: 216162199b28c13a410421893ffa2e32 -> 
  custom:video-decoder-ogg-theora: a1e56fd34408186e4bbccfd4996cb3dc -> 
  custom:container-muxer-webm: aa71ff27fc2769a1b78a27578f13a17b -> 
  custom:container-demuxer-webm: 4f35f7cbe854078d1ac9338744f61a02 -> 
  custom:container-demuxer-ogg: 62fdf1f143b41e24485cea50d1cbac27 -> 
  custom:video-encoder-webm-vp8: eb34c28f22e8b96e1ab97ce403110664 -> 
  custom:video-decoder-webm-vp8: 9c59270c3fd7afecdb556c50c9e8de78 -> 
  custom:audio-decoder-ogg-vorbis: bf7c407c2cedff20999df2af8eb42d56 -> 
  custom:audio-encoder-webm-vorbis: bf7c407c2cedff20999df2af8eb42d56 -> 
========================================================================
Received Prepare
Registering precompiled user dll's ...
Registered in 0.011033 seconds.
Begin MonoManager ReloadAssembly
Native extension for WindowsStandalone target not found
Refreshing native plugins compatible for Editor in 0.77 ms, found 16 plugins.
Preloading 2 native plugins for Editor in 0.14 ms.
NullReferenceException: Object reference not set to an instance of an object
  at Unity.XR.Oculus.OculusLoader.AssetPathToAbsolutePath (System.String assetPath) [0x00048] in C:\Users\REO_Razr_Blade\Desktop\2D_to_VR\2D_to_VR\Library\PackageCache\com.unity.xr.oculus@1.9.1\Runtime\OculusLoader.cs:249 
  at Unity.XR.Oculus.OculusLoader.EditorLoadOVRPlugin () [0x0007b] in C:\Users\REO_Razr_Blade\Desktop\2D_to_VR\2D_to_VR\Library\PackageCache\com.unity.xr.oculus@1.9.1\Runtime\OculusLoader.cs:234 

(Filename: Library/PackageCache/com.unity.xr.oculus@1.9.1/Runtime/OculusLoader.cs Line: 249)

Mono: successfully reloaded assembly
- Completed reload, in  0.979 seconds
Platform modules already initialized, skipping
Refreshing native plugins compatible for Editor in 0.79 ms, found 16 plugins.
Preloading 2 native plugins for Editor in 0.13 ms.
Unloading 2362 Unused Serialized files (Serialized files now loaded: 0)
System memory in use before: 114.7 MB.
System memory in use after: 114.9 MB.

Unloading 34 unused Assets to reduce memory usage. Loaded Objects now: 3014.
Total: 2.484900 ms (FindLiveObjects: 0.257500 ms CreateObjectMapping: 0.087100 ms MarkObjects: 2.077600 ms  DeleteObjects: 0.061900 ms)

AssetImportParameters requested are different than current active one (requested -> active):
  custom:framework-win-MediaFoundation: 216162199b28c13a410421893ffa2e32 -> 
  custom:video-decoder-ogg-theora: a1e56fd34408186e4bbccfd4996cb3dc -> 
  custom:container-muxer-webm: aa71ff27fc2769a1b78a27578f13a17b -> 
  custom:container-demuxer-webm: 4f35f7cbe854078d1ac9338744f61a02 -> 
  custom:container-demuxer-ogg: 62fdf1f143b41e24485cea50d1cbac27 -> 
  custom:video-encoder-webm-vp8: eb34c28f22e8b96e1ab97ce403110664 -> 
  custom:video-decoder-webm-vp8: 9c59270c3fd7afecdb556c50c9e8de78 -> 
  custom:audio-decoder-ogg-vorbis: bf7c407c2cedff20999df2af8eb42d56 -> 
  custom:audio-encoder-webm-vorbis: bf7c407c2cedff20999df2af8eb42d56 -> 
========================================================================
Received Prepare
Registering precompiled user dll's ...
Registered in 0.013444 seconds.
Begin MonoManager ReloadAssembly
Native extension for WindowsStandalone target not found
Refreshing native plugins compatible for Editor in 0.79 ms, found 16 plugins.
Preloading 2 native plugins for Editor in 0.13 ms.
NullReferenceException: Object reference not set to an instance of an object
  at Unity.XR.Oculus.OculusLoader.AssetPathToAbsolutePath (System.String assetPath) [0x00048] in C:\Users\REO_Razr_Blade\Desktop\2D_to_VR\2D_to_VR\Library\PackageCache\com.unity.xr.oculus@1.9.1\Runtime\OculusLoader.cs:249 
  at Unity.XR.Oculus.OculusLoader.EditorLoadOVRPlugin () [0x0007b] in C:\Users\REO_Razr_Blade\Desktop\2D_to_VR\2D_to_VR\Library\PackageCache\com.unity.xr.oculus@1.9.1\Runtime\OculusLoader.cs:234 

(Filename: Library/PackageCache/com.unity.xr.oculus@1.9.1/Runtime/OculusLoader.cs Line: 249)

Mono: successfully reloaded assembly
- Completed reload, in  0.936 seconds
Platform modules already initialized, skipping
Refreshing native plugins compatible for Editor in 0.78 ms, found 16 plugins.
Preloading 2 native plugins for Editor in 0.12 ms.
Unloading 2362 Unused Serialized files (Serialized files now loaded: 0)
System memory in use before: 114.6 MB.
System memory in use after: 114.8 MB.

Unloading 33 unused Assets to reduce memory usage. Loaded Objects now: 3018.
Total: 2.480300 ms (FindLiveObjects: 0.213600 ms CreateObjectMapping: 0.096000 ms MarkObjects: 2.113400 ms  DeleteObjects: 0.056100 ms)

AssetImportParameters requested are different than current active one (requested -> active):
  custom:framework-win-MediaFoundation: 216162199b28c13a410421893ffa2e32 -> 
  custom:video-decoder-ogg-theora: a1e56fd34408186e4bbccfd4996cb3dc -> 
  custom:container-muxer-webm: aa71ff27fc2769a1b78a27578f13a17b -> 
  custom:container-demuxer-webm: 4f35f7cbe854078d1ac9338744f61a02 -> 
  custom:container-demuxer-ogg: 62fdf1f143b41e24485cea50d1cbac27 -> 
  custom:video-encoder-webm-vp8: eb34c28f22e8b96e1ab97ce403110664 -> 
  custom:video-decoder-webm-vp8: 9c59270c3fd7afecdb556c50c9e8de78 -> 
  custom:audio-decoder-ogg-vorbis: bf7c407c2cedff20999df2af8eb42d56 -> 
  custom:audio-encoder-webm-vorbis: bf7c407c2cedff20999df2af8eb42d56 -> 
========================================================================
Received Prepare
Registering precompiled user dll's ...
Registered in 0.011235 seconds.
Begin MonoManager ReloadAssembly
Native extension for WindowsStandalone target not found
Refreshing native plugins compatible for Editor in 1.62 ms, found 16 plugins.
Preloading 2 native plugins for Editor in 0.26 ms.
NullReferenceException: Object reference not set to an instance of an object
  at Unity.XR.Oculus.OculusLoader.AssetPathToAbsolutePath (System.String assetPath) [0x00048] in C:\Users\REO_Razr_Blade\Desktop\2D_to_VR\2D_to_VR\Library\PackageCache\com.unity.xr.oculus@1.9.1\Runtime\OculusLoader.cs:249 
  at Unity.XR.Oculus.OculusLoader.EditorLoadOVRPlugin () [0x0007b] in C:\Users\REO_Razr_Blade\Desktop\2D_to_VR\2D_to_VR\Library\PackageCache\com.unity.xr.oculus@1.9.1\Runtime\OculusLoader.cs:234 

(Filename: Library/PackageCache/com.unity.xr.oculus@1.9.1/Runtime/OculusLoader.cs Line: 249)

Mono: successfully reloaded assembly
- Completed reload, in  1.234 seconds
Platform modules already initialized, skipping
Refreshing native plugins compatible for Editor in 1.06 ms, found 16 plugins.
Preloading 2 native plugins for Editor in 0.16 ms.
Unloading 2362 Unused Serialized files (Serialized files now loaded: 0)
System memory in use before: 114.7 MB.
System memory in use after: 114.9 MB.

Unloading 33 unused Assets to reduce memory usage. Loaded Objects now: 3022.
Total: 2.786200 ms (FindLiveObjects: 0.242200 ms CreateObjectMapping: 0.083200 ms MarkObjects: 2.401500 ms  DeleteObjects: 0.058600 ms)

AssetImportParameters requested are different than current active one (requested -> active):
  custom:framework-win-MediaFoundation: 216162199b28c13a410421893ffa2e32 -> 
  custom:video-decoder-ogg-theora: a1e56fd34408186e4bbccfd4996cb3dc -> 
  custom:container-muxer-webm: aa71ff27fc2769a1b78a27578f13a17b -> 
  custom:container-demuxer-webm: 4f35f7cbe854078d1ac9338744f61a02 -> 
  custom:container-demuxer-ogg: 62fdf1f143b41e24485cea50d1cbac27 -> 
  custom:video-encoder-webm-vp8: eb34c28f22e8b96e1ab97ce403110664 -> 
  custom:video-decoder-webm-vp8: 9c59270c3fd7afecdb556c50c9e8de78 -> 
  custom:audio-decoder-ogg-vorbis: bf7c407c2cedff20999df2af8eb42d56 -> 
  custom:audio-encoder-webm-vorbis: bf7c407c2cedff20999df2af8eb42d56 -> 
AssetImportWorkerClient::OnTransportError - code=2 error=End of file
